This file contains any messages produced by compilers while
running configure, to aid debugging if configure makes a mistake.

It was created by parallel configure 20160722, which was
generated by GNU Autoconf 2.69.  Invocation command line was

  $ ./configure 

## --------- ##
## Platform. ##
## --------- ##

hostname = deimos-compute-01
uname -m = x86_64
uname -r = 3.16.0-4-amd64
uname -s = Linux
uname -v = #1 SMP Debian 3.16.43-2+deb8u5 (2017-09-19)

/usr/bin/uname -p = unknown
/bin/uname -X     = unknown

/bin/arch              = unknown
/usr/bin/arch -k       = unknown
/usr/convex/getsysinfo = unknown
/usr/bin/hostinfo      = unknown
/bin/machine           = unknown
/usr/bin/oslevel       = unknown
/bin/universe          = unknown

PATH: /home/thkuo/miniconda3/envs/perl_5_20_env/bin
PATH: /home/thkuo/bin/FastQC
PATH: /home/thkuo/bin/standard-RAxML-8.2.10
PATH: /home/thkuo/bin/raxml-ng-dev/bin
PATH: /home/thkuo/bin/signalp-4.1
PATH: /home/thkuo/bin/Harvest-Linux64-v1.1.2
PATH: /home/thkuo/bin/mugsy_x86-64-v1r2.3
PATH: /home/thkuo/bin/mugsy_x86-64-v1r2.3/mapping
PATH: ~/bin/centrifuge-1.0.3-beta
PATH: ~/bin/busco/busco_3.0.2b/scripts
PATH: /home/thkuo/bin/stampy-1.0.31/
PATH: /home/thkuo/bin/art_bin_MountRainier/
PATH: /home/thkuo/bin/Seq-Gen/source/
PATH: /home/thkuo/bin/treetime
PATH: /home/thkuo/bin/openmpi/bin
PATH: /home/thkuo/bin/megahit
PATH: /home/thkuo/bin/zlib-1.2.11
PATH: /home/thkuo/bin/sickle
PATH: /home/thkuo/.linuxbrew/bin
PATH: /home/thkuo/bin/Roary-3.12.0/bin
PATH: libtiff5/usr/lib/x86_64-linux-gnu/
PATH: /bin/libfftw3/usr/lib
PATH: /home/thkuo/bin/apache-ant-1.9.9/bin
PATH: /home/thkuo/bin/jre1.8.0_111/bin
PATH: /home/thkuo/bin/biotools
PATH: /home/thkuo/bin/paml4.9e/bin
PATH: /home/thkuo/bin/FastTree
PATH: /home/thkuo/bin/mcl-14-137/src/alien/oxygen/src
PATH: /home/thkuo/bin/cdhit
PATH: /home/thkuo/bin/edirect
PATH: /home/thkuo/bin/python3/bin/
PATH: /home/thkuo/bin/R/bin/
PATH: /home/thkuo/bin/freebayes/bamtools/bin/
PATH: /home/thkuo/bin/freebayes/bin/
PATH: /home/thkuo/bin/freebayes/scripts/
PATH: /home/thkuo/bin/bwa-0.7.15
PATH: /home/thkuo/bin/htslib/bin
PATH: /home/thkuo/bin/bcftools-1.8
PATH: /home/thkuo/bin/samtools/bin/
PATH: /home/thkuo/bin
PATH: /home/thkuo/bin/hmmer3/bin
PATH: /home/thkuo/bin/FastML.v3.1/www/fastml
PATH: /home/thkuo/bin/bin
PATH: /home/thkuo/bin/glimmer3.02/bin
PATH: /home/thkuo/bin/prottest-3.4.2
PATH: /home/thkuo/bin/ncbi-blast-2.6.0+/bin
PATH: /usr/local/bin
PATH: /usr/bin
PATH: /bin
PATH: ~/bin/Linuxbrew-brew-2bf8c12/bin
PATH: /home/thkuo/bin/prokka/bin
PATH: ~/bin/BuddySuite/buddysuite
PATH: /home/thkuo/bin/kaiju/bin
PATH: /home/thkuo/bin/mptp-0.2.3-linux-x86_64/bin
PATH: ~/bin/sratoolkit.2.8.2-1-ubuntu64/bin
PATH: ~/bin/SPAdes-3.11.1-Linux/bin
PATH: /home/thkuo/bin/snippy/bin
PATH: /net/metagenomics/data/from_moni/old.tzuhao/MI-TIP
PATH: /home/thkuo/bin/ClonalFrameML/src
PATH: /home/thkuo/bin/physher/src/Release
PATH: /home/thkuo/bin/beast/bin/
PATH: /home/thkuo/bin/treedater/
PATH: /home/thkuo/miniconda3/bin


## ----------- ##
## Core tests. ##
## ----------- ##

configure:1758: checking for a BSD-compatible install
configure:1826: result: /usr/bin/install -c
configure:1837: checking whether build environment is sane
configure:1892: result: yes
configure:2043: checking for a thread-safe mkdir -p
configure:2082: result: /bin/mkdir -p
configure:2089: checking for gawk
configure:2105: found /usr/bin/gawk
configure:2116: result: gawk
configure:2127: checking whether make sets $(MAKE)
configure:2149: result: yes
configure:2178: checking whether make supports nested variables
configure:2195: result: yes
configure:2340: checking whether ln -s works
configure:2344: result: yes
configure:2460: checking that generated files are newer than configure
configure:2466: result: done
configure:2478: creating ./config.status

## ---------------------- ##
## Running config.status. ##
## ---------------------- ##

This file was extended by parallel config.status 20160722, which was
generated by GNU Autoconf 2.69.  Invocation command line was

  CONFIG_FILES    = 
  CONFIG_HEADERS  = 
  CONFIG_LINKS    = 
  CONFIG_COMMANDS = 
  $ ./config.status 

on deimos-compute-01

config.status:813: creating Makefile
config.status:813: creating src/Makefile
config.status:813: creating config.h

## ---------------- ##
## Cache variables. ##
## ---------------- ##

ac_cv_env_build_alias_set=
ac_cv_env_build_alias_value=
ac_cv_env_host_alias_set=
ac_cv_env_host_alias_value=
ac_cv_env_target_alias_set=
ac_cv_env_target_alias_value=
ac_cv_path_install='/usr/bin/install -c'
ac_cv_path_mkdir=/bin/mkdir
ac_cv_prog_AWK=gawk
ac_cv_prog_make_make_set=yes
am_cv_make_support_nested_variables=yes

## ----------------- ##
## Output variables. ##
## ----------------- ##

ACLOCAL='${SHELL} /net/metagenomics/data/from_moni/old.tzuhao/seq2geno.dirty.denovo/lib/Roary/build/parallel-20160722/missing aclocal-1.14'
AMTAR='$${TAR-tar}'
AM_BACKSLASH='\'
AM_DEFAULT_V='$(AM_DEFAULT_VERBOSITY)'
AM_DEFAULT_VERBOSITY='1'
AM_V='$(V)'
AUTOCONF='${SHELL} /net/metagenomics/data/from_moni/old.tzuhao/seq2geno.dirty.denovo/lib/Roary/build/parallel-20160722/missing autoconf'
AUTOHEADER='${SHELL} /net/metagenomics/data/from_moni/old.tzuhao/seq2geno.dirty.denovo/lib/Roary/build/parallel-20160722/missing autoheader'
AUTOMAKE='${SHELL} /net/metagenomics/data/from_moni/old.tzuhao/seq2geno.dirty.denovo/lib/Roary/build/parallel-20160722/missing automake-1.14'
AWK='gawk'
CYGPATH_W='echo'
DEFS='-DHAVE_CONFIG_H'
DOCUMENTATION_FALSE='#'
DOCUMENTATION_TRUE=''
ECHO_C=''
ECHO_N='-n'
ECHO_T=''
INSTALL_DATA='${INSTALL} -m 644'
INSTALL_PROGRAM='${INSTALL}'
INSTALL_SCRIPT='${INSTALL}'
INSTALL_STRIP_PROGRAM='$(install_sh) -c -s'
LIBOBJS=''
LIBS=''
LN_S='ln -s'
LTLIBOBJS=''
MAKEINFO='${SHELL} /net/metagenomics/data/from_moni/old.tzuhao/seq2geno.dirty.denovo/lib/Roary/build/parallel-20160722/missing makeinfo'
MKDIR_P='/bin/mkdir -p'
PACKAGE='parallel'
PACKAGE_BUGREPORT='bug-parallel@gnu.org'
PACKAGE_NAME='parallel'
PACKAGE_STRING='parallel 20160722'
PACKAGE_TARNAME='parallel'
PACKAGE_URL=''
PACKAGE_VERSION='20160722'
PATH_SEPARATOR=':'
SET_MAKE=''
SHELL='/bin/bash'
STRIP=''
VERSION='20160722'
am__isrc=''
am__leading_dot='.'
am__tar='$${TAR-tar} chof - "$$tardir"'
am__untar='$${TAR-tar} xf -'
bindir='${exec_prefix}/bin'
build_alias=''
datadir='${datarootdir}'
datarootdir='${prefix}/share'
docdir='${datarootdir}/doc/${PACKAGE_TARNAME}'
dvidir='${docdir}'
exec_prefix='${prefix}'
host_alias=''
htmldir='${docdir}'
includedir='${prefix}/include'
infodir='${datarootdir}/info'
install_sh='${SHELL} /net/metagenomics/data/from_moni/old.tzuhao/seq2geno.dirty.denovo/lib/Roary/build/parallel-20160722/install-sh'
libdir='${exec_prefix}/lib'
libexecdir='${exec_prefix}/libexec'
localedir='${datarootdir}/locale'
localstatedir='${prefix}/var'
mandir='${datarootdir}/man'
mkdir_p='$(MKDIR_P)'
oldincludedir='/usr/include'
pdfdir='${docdir}'
prefix='/usr/local'
program_transform_name='s,x,x,'
psdir='${docdir}'
sbindir='${exec_prefix}/sbin'
sharedstatedir='${prefix}/com'
sysconfdir='${prefix}/etc'
target_alias=''

## ----------- ##
## confdefs.h. ##
## ----------- ##

/* confdefs.h */
#define PACKAGE_NAME "parallel"
#define PACKAGE_TARNAME "parallel"
#define PACKAGE_VERSION "20160722"
#define PACKAGE_STRING "parallel 20160722"
#define PACKAGE_BUGREPORT "bug-parallel@gnu.org"
#define PACKAGE_URL ""
#define PACKAGE "parallel"
#define VERSION "20160722"

configure: exit 0
